<?xml version="1.0" encoding="UTF-8"?>
<testng-results ignored="0" total="1" passed="1" failed="0" skipped="0">
  <reporter-output>
  </reporter-output>
  <suite started-at="2024-06-19T21:40:56 IST" name="Default suite" finished-at="2024-06-19T21:40:56 IST" duration-ms="48">
    <groups>
    </groups>
    <test started-at="2024-06-19T21:40:56 IST" name="Default test" finished-at="2024-06-19T21:40:56 IST" duration-ms="48">
      <class name="Lambda_Expressions.Palindrome_01">
        <test-method signature="Palindrome_WTLambda()[pri:0, instance:Lambda_Expressions.Palindrome_01@6e0f5f7f]" started-at="2024-06-19T21:40:56 IST" name="Palindrome_WTLambda" finished-at="2024-06-19T21:40:56 IST" duration-ms="8" status="PASS">
          <reporter-output>
          </reporter-output>
        </test-method> <!-- Palindrome_WTLambda -->
      </class> <!-- Lambda_Expressions.Palindrome_01 -->
    </test> <!-- Default test -->
  </suite> <!-- Default suite -->
</testng-results>
